/battery_state
/cmd_vel
/diagnostics
/joint_states
/joy
/joy/set_feedback
/left_error
/motor_node/parameter_descriptions
/motor_node/parameter_updates
/motor_power_active
/odom
/right_error
/rosbridge_ws/client_count
/rosbridge_ws/connected_clients
/rosbridge_wss/client_count
/rosbridge_wss/connected_clients
/rosout
/rosout_agg
/statistics
/tf
/tf2_web_republisher/cancel
/tf2_web_republisher/feedback
/tf2_web_republisher/goal
/tf2_web_republisher/result
/tf2_web_republisher/status
/tf_static
/ubiquity_velocity_controller/parameter_descriptions
/ubiquity_velocity_controller/parameter_updates
/vectornav/imugps
